<?xml version="1.0" encoding="UTF-8"?>
<!-- Generated by org.testng.reporters.JUnitReportReporter -->
<testsuite skipped="0" hostname="LAT7450-B6LF562" name="DellPro.ReadFileTestNG" tests="2" failures="0" timestamp="28 Oct 2021 20:55:11 GMT" time="0.031" errors="0">
  <testcase name="testEmptyInputFile" time="0.031" classname="DellPro.ReadFileTestNG"/>
  <testcase name="testFindBigWord" time="0.000" classname="DellPro.ReadFileTestNG"/>
</testsuite> <!-- DellPro.ReadFileTestNG -->
